<?xml version="1.0" encoding="UTF-8"?>
<testsuite name="BagMainTest" tests="3" skipped="0" failures="0" errors="0" timestamp="2022-09-19T18:56:08" hostname="Lukes-MacBook-Air-2.local" time="0.017">
  <properties/>
  <testcase name="TestEnhanceBagsTrue" classname="BagMainTest" time="0.014"/>
  <testcase name="TestCountCrossbodyStraps" classname="BagMainTest" time="0.002"/>
  <testcase name="TestEnhanceBagsFalse" classname="BagMainTest" time="0.0"/>
  <system-out><![CDATA[]]></system-out>
  <system-err><![CDATA[]]></system-err>
</testsuite>
