<?xml version="1.0" encoding="UTF-8"?>
<testsuite name="HandBagTest" tests="1" skipped="0" failures="0" errors="0" timestamp="2022-09-19T18:48:01" hostname="Lukes-MacBook-Air-2.local" time="0.873">
  <properties/>
  <testcase name="testGetNumberOfContentsPop" classname="HandBagTest" time="0.873"/>
  <system-out><![CDATA[]]></system-out>
  <system-err><![CDATA[]]></system-err>
</testsuite>
